#
# There is insufficient memory for the Java Runtime Environment to continue.
# Native memory allocation (malloc) failed to allocate 1141776 bytes for Chunk::new
# Possible reasons:
#   The system is out of physical RAM or swap space
#   In 32 bit mode, the process size limit was hit
# Possible solutions:
#   Reduce memory load on the system
#   Increase physical memory or swap space
#   Check if swap backing store is full
#   Use 64 bit Java on a 64 bit OS
#   Decrease Java heap size (-Xmx/-Xms)
#   Decrease number of Java threads
#   Decrease Java thread stack sizes (-Xss)
#   Set larger code cache with -XX:ReservedCodeCacheSize=
# This output file may be truncated or incomplete.
#
#  Out of Memory Error (allocation.cpp:390), pid=3644, tid=0x000000000000216c
#
# JRE version: Java(TM) SE Runtime Environment (8.0_102-b14) (build 1.8.0_102-b14)
# Java VM: Java HotSpot(TM) 64-Bit Server VM (25.102-b14 mixed mode windows-amd64 compressed oops)
# Failed to write core dump. Minidumps are not enabled by default on client versions of Windows
#

---------------  T H R E A D  ---------------

Current thread (0x0000000017bcc800):  JavaThread "C2 CompilerThread0" daemon [_thread_in_native, id=8556, stack(0x0000000019220000,0x0000000019320000)]

Stack: [0x0000000019220000,0x0000000019320000]
[error occurred during error reporting (printing stack bounds), id 0xc0000005]

Native frames: (J=compiled Java code, j=interpreted, Vv=VM code, C=native code)


Current CompileTask:
C2:  66138 12207   !   4       com.android.dx.cf.code.BytecodeArray::parseInstruction (2764 bytes)


---------------  P R O C E S S  ---------------

Java Threads: ( => current thread )
  0x000000001b0b1000 JavaThread "pool-42-thread-4" [_thread_in_Java, id=7804, stack(0x000000002a890000,0x000000002a990000)]
  0x000000001b0ae800 JavaThread "pool-42-thread-3" [_thread_in_Java, id=6836, stack(0x000000002a790000,0x000000002a890000)]
  0x000000001b0ae000 JavaThread "pool-42-thread-2" [_thread_in_Java, id=2512, stack(0x000000002a690000,0x000000002a790000)]
  0x000000001b0b2800 JavaThread "pool-43-thread-1" [_thread_blocked, id=5860, stack(0x000000002a590000,0x000000002a690000)]
  0x000000001b0b4800 JavaThread "pool-42-thread-1" [_thread_in_Java, id=9952, stack(0x000000002a490000,0x000000002a590000)]
  0x000000001b0b9800 JavaThread "pool-38-thread-4" [_thread_in_Java, id=4192, stack(0x0000000029e90000,0x0000000029f90000)]
  0x000000001b0ad000 JavaThread "pool-38-thread-3" [_thread_in_Java, id=6120, stack(0x0000000029d90000,0x0000000029e90000)]
  0x000000001b0b4000 JavaThread "pool-38-thread-2" [_thread_in_Java, id=9864, stack(0x0000000029c90000,0x0000000029d90000)]
  0x000000001b0af800 JavaThread "pool-39-thread-1" [_thread_blocked, id=8508, stack(0x0000000029b90000,0x0000000029c90000)]
  0x000000001b0b3000 JavaThread "pool-38-thread-1" [_thread_blocked, id=4156, stack(0x0000000029a90000,0x0000000029b90000)]
  0x0000000022506000 JavaThread "pool-7-thread-4" [_thread_in_Java, id=7492, stack(0x0000000024e90000,0x0000000024f90000)]
  0x0000000022501800 JavaThread "pool-7-thread-1" [_thread_in_native, id=5368, stack(0x0000000024d90000,0x0000000024e90000)]
  0x0000000022505800 JavaThread "pool-7-thread-2" [_thread_blocked, id=10208, stack(0x0000000024c90000,0x0000000024d90000)]
  0x0000000022504800 JavaThread "pool-7-thread-3" [_thread_in_Java, id=9616, stack(0x0000000024b90000,0x0000000024c90000)]
  0x0000000022503000 JavaThread "pool-6-thread-4" [_thread_blocked, id=8652, stack(0x0000000024a90000,0x0000000024b90000)]
  0x0000000022504000 JavaThread "pool-6-thread-3" [_thread_blocked, id=3044, stack(0x0000000024990000,0x0000000024a90000)]
  0x000000002251f800 JavaThread "pool-6-thread-2" [_thread_blocked, id=7312, stack(0x0000000024890000,0x0000000024990000)]
  0x0000000019e71800 JavaThread "pool-6-thread-1" [_thread_blocked, id=6020, stack(0x0000000024790000,0x0000000024890000)]
  0x000000001e770800 JavaThread "File lock request listener" [_thread_in_native, id=2704, stack(0x000000001f140000,0x000000001f240000)]
  0x000000001b1b6000 JavaThread "pool-1-thread-1" [_thread_blocked, id=8492, stack(0x000000001a320000,0x000000001a420000)]
  0x0000000017c2e800 JavaThread "Service Thread" daemon [_thread_blocked, id=9484, stack(0x0000000019920000,0x0000000019a20000)]
  0x0000000017bd6000 JavaThread "C1 CompilerThread2" daemon [_thread_blocked, id=7056, stack(0x0000000019420000,0x0000000019520000)]
  0x0000000017bd3000 JavaThread "C2 CompilerThread1" daemon [_thread_in_native, id=5724, stack(0x0000000019320000,0x0000000019420000)]
=>0x0000000017bcc800 JavaThread "C2 CompilerThread0" daemon [_thread_in_native, id=8556, stack(0x0000000019220000,0x0000000019320000)]
  0x0000000017bc8800 JavaThread "Attach Listener" daemon [_thread_blocked, id=9512, stack(0x0000000019120000,0x0000000019220000)]
  0x0000000017bc7000 JavaThread "Signal Dispatcher" daemon [_thread_blocked, id=7036, stack(0x0000000019020000,0x0000000019120000)]
  0x0000000002ffb000 JavaThread "Finalizer" daemon [_thread_blocked, id=8488, stack(0x0000000018e30000,0x0000000018f30000)]
  0x0000000002ff0000 JavaThread "Reference Handler" daemon [_thread_blocked, id=8796, stack(0x0000000018d30000,0x0000000018e30000)]
  0x000000000309e000 JavaThread "main" [_thread_blocked, id=3852, stack(0x0000000002d70000,0x0000000002e70000)]

Other Threads:
  0x0000000017b97800 VMThread [stack: 0x0000000018c30000,0x0000000018d30000] [id=6068]
  0x0000000019576000 WatcherThread [stack: 0x0000000019a20000,0x0000000019b20000] [id=8904]

VM state:not at safepoint (normal execution)

VM Mutex/Monitor currently owned by a thread: None

Heap:
 PSYoungGen      total 363008K, used 89359K [0x00000000d5f00000, 0x00000000ee180000, 0x0000000100000000)
  eden space 330240K, 17% used [0x00000000d5f00000,0x00000000d97cc338,0x00000000ea180000)
  from space 32768K, 95% used [0x00000000ea180000,0x00000000ebff7920,0x00000000ec180000)
  to   space 27136K, 0% used [0x00000000ec700000,0x00000000ec700000,0x00000000ee180000)
 ParOldGen       total 172544K, used 102968K [0x0000000081c00000, 0x000000008c480000, 0x00000000d5f00000)
  object space 172544K, 59% used [0x0000000081c00000,0x000000008808e100,0x000000008c480000)
 Metaspace       used 56571K, capacity 58430K, committed 58624K, reserved 1099776K
  class space    used 7420K, capacity 7861K, committed 7936K, reserved 1048576K

Card table byte_map: [0x0000000012460000,0x0000000012860000] byte_map_base: 0x0000000012052000

Marking Bits: (ParMarkBitMap*) 0x0000000058c7a6c0
 Begin Bits: [0x0000000012f10000, 0x0000000014ea0000)
 End Bits:   [0x0000000014ea0000, 0x0000000016e30000)

Polling page: 0x0000000002d40000

CodeCache: size=245760Kb used=35189Kb max_used=36272Kb free=210570Kb
 bounds [0x00000000030a0000, 0x0000000005460000, 0x00000000120a0000]
 total_blobs=10916 nmethods=10199 adapters=628
 compilation: enabled

Compilation events (10 events):
Event: 66.036 Thread 0x0000000017bd6000 12231       3       com.android.dx.cf.code.LocalVariableList::itemToLocal (47 bytes)
Event: 66.036 Thread 0x0000000017bd6000 nmethod 12231 0x0000000004ef9cd0 code [0x0000000004ef9e80, 0x0000000004efa3f8]
Event: 66.042 Thread 0x0000000017bd6000 12234       2       com.android.dx.dex.file.MapItem::writeTo0 (241 bytes)
Event: 66.045 Thread 0x0000000017bd6000 nmethod 12234 0x0000000004d01e90 code [0x0000000004d02260, 0x0000000004d03658]
Event: 66.045 Thread 0x0000000017bd6000 12236       1       java.nio.Buffer::markValue (5 bytes)
Event: 66.045 Thread 0x0000000017bd6000 nmethod 12236 0x0000000005137d50 code [0x0000000005137ea0, 0x0000000005137fb0]
Event: 66.045 Thread 0x0000000017bd6000 12235       2       java.nio.HeapByteBuffer::duplicate (32 bytes)
Event: 66.045 Thread 0x0000000017bd6000 nmethod 12235 0x0000000004d54710 code [0x0000000004d54880, 0x0000000004d54a88]
Event: 66.047 Thread 0x0000000017bd6000 12237   !   2       java.lang.StringCoding$StringEncoder::encode (179 bytes)
Event: 66.049 Thread 0x0000000017bd6000 nmethod 12237 0x0000000003c28dd0 code [0x0000000003c29020, 0x0000000003c29ba8]

GC Heap History (10 events):
Event: 61.844 GC heap before
{Heap before GC invocations=23 (full 8):
 PSYoungGen      total 357376K, used 2286K [0x00000000d5f00000, 0x00000000ee180000, 0x0000000100000000)
  eden space 330240K, 0% used [0x00000000d5f00000,0x00000000d613ba30,0x00000000ea180000)
  from space 27136K, 0% used [0x00000000ec700000,0x00000000ec700000,0x00000000ee180000)
  to   space 32768K, 0% used [0x00000000ea180000,0x00000000ea180000,0x00000000ec180000)
 ParOldGen       total 172544K, used 122459K [0x0000000081c00000, 0x000000008c480000, 0x00000000d5f00000)
  object space 172544K, 70% used [0x0000000081c00000,0x0000000089396e48,0x000000008c480000)
 Metaspace       used 56533K, capacity 58430K, committed 58624K, reserved 1099776K
  class space    used 7420K, capacity 7861K, committed 7936K, reserved 1048576K
Event: 61.846 GC heap after
Heap after GC invocations=23 (full 8):
 PSYoungGen      total 363008K, used 128K [0x00000000d5f00000, 0x00000000ee180000, 0x0000000100000000)
  eden space 330240K, 0% used [0x00000000d5f00000,0x00000000d5f00000,0x00000000ea180000)
  from space 32768K, 0% used [0x00000000ea180000,0x00000000ea1a0000,0x00000000ec180000)
  to   space 27136K, 0% used [0x00000000ec700000,0x00000000ec700000,0x00000000ee180000)
 ParOldGen       total 172544K, used 122459K [0x0000000081c00000, 0x000000008c480000, 0x00000000d5f00000)
  object space 172544K, 70% used [0x0000000081c00000,0x0000000089396e48,0x000000008c480000)
 Metaspace       used 56533K, capacity 58430K, committed 58624K, reserved 1099776K
  class space    used 7420K, capacity 7861K, committed 7936K, reserved 1048576K
}
Event: 62.731 GC heap before
{Heap before GC invocations=24 (full 8):
 PSYoungGen      total 363008K, used 330368K [0x00000000d5f00000, 0x00000000ee180000, 0x0000000100000000)
  eden space 330240K, 100% used [0x00000000d5f00000,0x00000000ea180000,0x00000000ea180000)
  from space 32768K, 0% used [0x00000000ea180000,0x00000000ea1a0000,0x00000000ec180000)
  to   space 27136K, 0% used [0x00000000ec700000,0x00000000ec700000,0x00000000ee180000)
 ParOldGen       total 172544K, used 122459K [0x0000000081c00000, 0x000000008c480000, 0x00000000d5f00000)
  object space 172544K, 70% used [0x0000000081c00000,0x0000000089396e48,0x000000008c480000)
 Metaspace       used 56538K, capacity 58430K, committed 58624K, reserved 1099776K
  class space    used 7420K, capacity 7861K, committed 7936K, reserved 1048576K
Event: 62.812 GC heap after
Heap after GC invocations=24 (full 8):
 PSYoungGen      total 357376K, used 27117K [0x00000000d5f00000, 0x00000000ee180000, 0x0000000100000000)
  eden space 330240K, 0% used [0x00000000d5f00000,0x00000000d5f00000,0x00000000ea180000)
  from space 27136K, 99% used [0x00000000ec700000,0x00000000ee17b5b8,0x00000000ee180000)
  to   space 32768K, 0% used [0x00000000ea180000,0x00000000ea180000,0x00000000ec180000)
 ParOldGen       total 172544K, used 147409K [0x0000000081c00000, 0x000000008c480000, 0x00000000d5f00000)
  object space 172544K, 85% used [0x0000000081c00000,0x000000008abf4648,0x000000008c480000)
 Metaspace       used 56538K, capacity 58430K, committed 58624K, reserved 1099776K
  class space    used 7420K, capacity 7861K, committed 7936K, reserved 1048576K
}
Event: 62.812 GC heap before
{Heap before GC invocations=25 (full 9):
 PSYoungGen      total 357376K, used 27117K [0x00000000d5f00000, 0x00000000ee180000, 0x0000000100000000)
  eden space 330240K, 0% used [0x00000000d5f00000,0x00000000d5f00000,0x00000000ea180000)
  from space 27136K, 99% used [0x00000000ec700000,0x00000000ee17b5b8,0x00000000ee180000)
  to   space 32768K, 0% used [0x00000000ea180000,0x00000000ea180000,0x00000000ec180000)
 ParOldGen       total 172544K, used 147409K [0x0000000081c00000, 0x000000008c480000, 0x00000000d5f00000)
  object space 172544K, 85% used [0x0000000081c00000,0x000000008abf4648,0x000000008c480000)
 Metaspace       used 56538K, capacity 58430K, committed 58624K, reserved 1099776K
  class space    used 7420K, capacity 7861K, committed 7936K, reserved 1048576K
Event: 63.572 GC heap after
Heap after GC invocations=25 (full 9):
 PSYoungGen      total 357376K, used 0K [0x00000000d5f00000, 0x00000000ee180000, 0x0000000100000000)
  eden space 330240K, 0% used [0x00000000d5f00000,0x00000000d5f00000,0x00000000ea180000)
  from space 27136K, 0% used [0x00000000ec700000,0x00000000ec700000,0x00000000ee180000)
  to   space 32768K, 0% used [0x00000000ea180000,0x00000000ea180000,0x00000000ec180000)
 ParOldGen       total 172544K, used 171045K [0x0000000081c00000, 0x000000008c480000, 0x00000000d5f00000)
  object space 172544K, 99% used [0x0000000081c00000,0x000000008c3094a0,0x000000008c480000)
 Metaspace       used 56538K, capacity 58430K, committed 58624K, reserved 1099776K
  class space    used 7420K, capacity 7861K, committed 7936K, reserved 1048576K
}
Event: 64.966 GC heap before
{Heap before GC invocations=26 (full 10):
 PSYoungGen      total 357376K, used 330240K [0x00000000d5f00000, 0x00000000ee180000, 0x0000000100000000)
  eden space 330240K, 100% used [0x00000000d5f00000,0x00000000ea180000,0x00000000ea180000)
  from space 27136K, 0% used [0x00000000ec700000,0x00000000ec700000,0x00000000ee180000)
  to   space 32768K, 0% used [0x00000000ea180000,0x00000000ea180000,0x00000000ec180000)
 ParOldGen       total 172544K, used 171045K [0x0000000081c00000, 0x000000008c480000, 0x00000000d5f00000)
  object space 172544K, 99% used [0x0000000081c00000,0x000000008c3094a0,0x000000008c480000)
 Metaspace       used 56559K, capacity 58430K, committed 58624K, reserved 1099776K
  class space    used 7420K, capacity 7861K, committed 7936K, reserved 1048576K
Event: 65.231 GC heap after
Heap after GC invocations=26 (full 10):
 PSYoungGen      total 357376K, used 0K [0x00000000d5f00000, 0x00000000ee180000, 0x0000000100000000)
  eden space 330240K, 0% used [0x00000000d5f00000,0x00000000d5f00000,0x00000000ea180000)
  from space 27136K, 0% used [0x00000000ec700000,0x00000000ec700000,0x00000000ee180000)
  to   space 32768K, 0% used [0x00000000ea180000,0x00000000ea180000,0x00000000ec180000)
 ParOldGen       total 172544K, used 102960K [0x0000000081c00000, 0x000000008c480000, 0x00000000d5f00000)
  object space 172544K, 59% used [0x0000000081c00000,0x000000008808c100,0x000000008c480000)
 Metaspace       used 56559K, capacity 58430K, committed 58624K, reserved 1099776K
  class space    used 7420K, capacity 7861K, committed 7936K, reserved 1048576K
}
Event: 65.945 GC heap before
{Heap before GC invocations=27 (full 10):
 PSYoungGen      total 357376K, used 330240K [0x00000000d5f00000, 0x00000000ee180000, 0x0000000100000000)
  eden space 330240K, 100% used [0x00000000d5f00000,0x00000000ea180000,0x00000000ea180000)
  from space 27136K, 0% used [0x00000000ec700000,0x00000000ec700000,0x00000000ee180000)
  to   space 32768K, 0% used [0x00000000ea180000,0x00000000ea180000,0x00000000ec180000)
 ParOldGen       total 172544K, used 102960K [0x0000000081c00000, 0x000000008c480000, 0x00000000d5f00000)
  object space 172544K, 59% used [0x0000000081c00000,0x000000008808c100,0x000000008c480000)
 Metaspace       used 56568K, capacity 58430K, committed 58624K, reserved 1099776K
  class space    used 7420K, capacity 7861K, committed 7936K, reserved 1048576K
Event: 66.024 GC heap after
Heap after GC invocations=27 (full 10):
 PSYoungGen      total 363008K, used 31198K [0x00000000d5f00000, 0x00000000ee180000, 0x0000000100000000)
  eden space 330240K, 0% used [0x00000000d5f00000,0x00000000d5f00000,0x00000000ea180000)
  from space 32768K, 95% used [0x00000000ea180000,0x00000000ebff7920,0x00000000ec180000)
  to   space 27136K, 0% used [0x00000000ec700000,0x00000000ec700000,0x00000000ee180000)
 ParOldGen       total 172544K, used 102968K [0x0000000081c00000, 0x000000008c480000, 0x00000000d5f00000)
  object space 172544K, 59% used [0x0000000081c00000,0x000000008808e100,0x000000008c480000)
 Metaspace       used 56568K, capacity 58430K, committed 58624K, reserved 1099776K
  class space    used 7420K, capacity 7861K, committed 7936K, reserved 1048576K
}

Deoptimization events (10 events):
Event: 65.424 Thread 0x0000000019e71800 Uncommon trap: reason=unstable_if action=reinterpret pc=0x00000000051a93a0 method=java.util.zip.ZipEntry.setExtra0([BZ)V @ 32
Event: 65.517 Thread 0x000000001b0ae800 Uncommon trap: reason=unstable_if action=reinterpret pc=0x0000000005162394 method=java.util.BitSet.nextClearBit(I)I @ 70
Event: 65.517 Thread 0x000000001b0ae800 Uncommon trap: reason=unstable_if action=reinterpret pc=0x0000000004d23714 method=java.util.BitSet.nextClearBit(I)I @ 70
Event: 65.517 Thread 0x000000001b0ae800 Uncommon trap: reason=unstable_if action=reinterpret pc=0x0000000005236c48 method=java.util.BitSet.nextClearBit(I)I @ 70
Event: 65.555 Thread 0x0000000022504800 Uncommon trap: reason=unstable_if action=reinterpret pc=0x0000000004c98240 method=java.util.concurrent.ConcurrentHashMap.get(Ljava/lang/Object;)Ljava/lang/Object; @ 86
Event: 65.694 Thread 0x000000001b0b3000 Uncommon trap: reason=bimorphic action=maybe_recompile pc=0x0000000005381b98 method=com.android.dx.cf.code.BytecodeArray.parseInstruction(ILcom/android/dx/cf/code/BytecodeArray$Visitor;)I @ 1035
Event: 65.694 Thread 0x000000001b0b3000 Uncommon trap: reason=bimorphic action=maybe_recompile pc=0x0000000005381c18 method=com.android.dx.cf.code.BytecodeArray.parseInstruction(ILcom/android/dx/cf/code/BytecodeArray$Visitor;)I @ 1051
Event: 65.694 Thread 0x000000001b0b3000 Uncommon trap: reason=bimorphic action=maybe_recompile pc=0x0000000005381b98 method=com.android.dx.cf.code.BytecodeArray.parseInstruction(ILcom/android/dx/cf/code/BytecodeArray$Visitor;)I @ 1035
Event: 65.866 Thread 0x000000001b0b9800 Uncommon trap: reason=unstable_if action=reinterpret pc=0x0000000003b431f4 method=java.util.concurrent.ConcurrentHashMap$TreeBin.putTreeVal(ILjava/lang/Object;Ljava/lang/Object;)Ljava/util/concurrent/ConcurrentHashMap$TreeNode; @ 186
Event: 65.902 Thread 0x0000000022505800 Uncommon trap: reason=predicate action=maybe_recompile pc=0x00000000050c2e28 method=java.util.ComparableTimSort.binarySort([Ljava/lang/Object;III)V @ 37

Internal exceptions (10 events):
Event: 23.658 Thread 0x000000000309e000 Exception <a 'java/lang/ClassNotFoundException': com/android/build/gradle/internal/tasks/SigningReportTaskCustomizer> (0x00000000e060ccf8) thrown at [C:\re\workspace\8-2-build-windows-amd64-cygwin\jdk8u102\7268\hotspot\src\share\vm\classfile\systemDictiona踔7@
Event: 23.659 Thread 0x000000000309e000 Exception <a 'java/lang/ClassNotFoundException': com/android/build/gradle/internal/tasks/SigningReportTask_DecoratedCustomizer> (0x00000000e0633808) thrown at [C:\re\workspace\8-2-build-windows-amd64-cygwin\jdk8u102\7268\hotspot\src\share\vm\classfile\systR{39@
Event: 25.532 Thread 0x000000000309e000 Implicit null exception at 0x0000000003e8ff8c to 0x0000000003e8fffd
Event: 30.280 Thread 0x000000000309e000 Implicit null exception at 0x00000000036ca12a to 0x00000000036ca3a1
Event: 48.691 Thread 0x000000001b0bc800 Implicit null exception at 0x0000000004c82a61 to 0x0000000004c83575
Event: 51.862 Thread 0x000000001b0b2800 Implicit null exception at 0x0000000004101c03 to 0x0000000004101e35
Event: 53.580 Thread 0x00000000224ff800 Implicit null exception at 0x0000000004ff7820 to 0x0000000004ff98b1
Event: 53.702 Thread 0x000000001b0bc800 Implicit null exception at 0x0000000005016760 to 0x0000000005016e79
Event: 60.601 Thread 0x000000001b0b3000 Implicit null exception at 0x0000000004b8b533 to 0x0000000004b8bbad
Event: 60.981 Thread 0x000000001b0b4000 Implicit null exception at 0x000000000526081f to 0x00000000052609fd

Events (10 events):
Event: 65.866 Thread 0x000000001b0b9800 DEOPT UNPACKING pc=0x00000000030e582a sp=0x0000000029f8e408 mode 2
Event: 65.902 Thread 0x0000000022505800 Uncommon trap: trap_request=0xffffff86 fr.pc=0x00000000050c2e28
Event: 65.902 Thread 0x0000000022505800 DEOPT PACKING pc=0x00000000050c2e28 sp=0x0000000024d8efb0
Event: 65.902 Thread 0x0000000022505800 DEOPT UNPACKING pc=0x00000000030e582a sp=0x0000000024d8ef70 mode 2
Event: 65.945 Executing VM operation: ParallelGCFailedAllocation
Event: 66.024 Executing VM operation: ParallelGCFailedAllocation done
Event: 66.026 Thread 0x000000001b0b4800 DEOPT PACKING pc=0x0000000003849697 sp=0x000000002a58ed50
Event: 66.026 Thread 0x000000001b0b4800 DEOPT UNPACKING pc=0x00000000030e787f sp=0x000000002a58eb80 mode 0
Event: 66.080 Thread 0x000000001b0b3000 DEOPT PACKING pc=0x00000000048a3ef0 sp=0x0000000029b8ea00
Event: 66.080 Thread 0x000000001b0b3000 DEOPT UNPACKING pc=0x00000000030e787f sp=0x0000000029b8e7e0 mode 0


Dynamic libraries:
0x00007ff63c190000 - 0x00007ff63c1c7000 	C:\Program Files\Java\jdk1.8.0_102\bin\java.exe
0x00007ff949940000 - 0x00007ff949b11000 	C:\Windows\SYSTEM32\ntdll.dll
0x00007ff947360000 - 0x00007ff94740b000 	C:\Windows\System32\KERNEL32.DLL
0x00007ff9469b0000 - 0x00007ff946bcd000 	C:\Windows\System32\KERNELBASE.dll
0x00007ff947dc0000 - 0x00007ff947e62000 	C:\Windows\System32\ADVAPI32.dll
0x00007ff947070000 - 0x00007ff94710e000 	C:\Windows\System32\msvcrt.dll
0x00007ff9498e0000 - 0x00007ff949939000 	C:\Windows\System32\sechost.dll
0x00007ff947590000 - 0x00007ff9476b1000 	C:\Windows\System32\RPCRT4.dll
0x00007ff947190000 - 0x00007ff9472f5000 	C:\Windows\System32\USER32.dll
0x00007ff946d20000 - 0x00007ff946d3e000 	C:\Windows\System32\win32u.dll
0x00007ff947550000 - 0x00007ff947584000 	C:\Windows\System32\GDI32.dll
0x00007ff946d40000 - 0x00007ff946ec2000 	C:\Windows\System32\gdi32full.dll
0x00007ff93c920000 - 0x00007ff93cb99000 	C:\Windows\WinSxS\amd64_microsoft.windows.common-controls_6595b64144ccf1df_6.0.14393.447_none_42191651c6827bb3\COMCTL32.dll
0x00007ff949510000 - 0x00007ff9497d8000 	C:\Windows\System32\combase.dll
0x00007ff946bd0000 - 0x00007ff946cc5000 	C:\Windows\System32\ucrtbase.dll
0x00007ff946790000 - 0x00007ff9467fa000 	C:\Windows\System32\bcryptPrimitives.dll
0x00007ff9497e0000 - 0x00007ff94980e000 	C:\Windows\System32\IMM32.DLL
0x000000005a540000 - 0x000000005a579000 	C:\PROGRA~2\Sophos\SOPHOS~1\SOPHOS~2.DLL
0x00007ff947110000 - 0x00007ff947118000 	C:\Windows\System32\PSAPI.DLL
0x0000000059280000 - 0x0000000059351000 	C:\Program Files\Java\jdk1.8.0_102\jre\bin\msvcr100.dll
0x0000000058460000 - 0x0000000058cfa000 	C:\Program Files\Java\jdk1.8.0_102\jre\bin\server\jvm.dll
0x00007ff942e50000 - 0x00007ff942e59000 	C:\Windows\SYSTEM32\WSOCK32.dll
0x00007ff943fc0000 - 0x00007ff943fe3000 	C:\Windows\SYSTEM32\WINMM.dll
0x00007ff93ee20000 - 0x00007ff93ee2a000 	C:\Windows\SYSTEM32\VERSION.dll
0x00007ff947820000 - 0x00007ff94788a000 	C:\Windows\System32\WS2_32.dll
0x0000000002d10000 - 0x0000000002d3b000 	C:\Windows\SYSTEM32\WINMMBASE.dll
0x00007ff946cd0000 - 0x00007ff946d12000 	C:\Windows\System32\cfgmgr32.dll
0x0000000059270000 - 0x000000005927f000 	C:\Program Files\Java\jdk1.8.0_102\jre\bin\verify.dll
0x0000000059240000 - 0x0000000059269000 	C:\Program Files\Java\jdk1.8.0_102\jre\bin\java.dll
0x0000000059220000 - 0x0000000059236000 	C:\Program Files\Java\jdk1.8.0_102\jre\bin\zip.dll
0x00007ff947e90000 - 0x00007ff949399000 	C:\Windows\System32\SHELL32.dll
0x00007ff945e30000 - 0x00007ff94650a000 	C:\Windows\System32\windows.storage.dll
0x00007ff945de0000 - 0x00007ff945e2c000 	C:\Windows\System32\powrprof.dll
0x00007ff947300000 - 0x00007ff947352000 	C:\Windows\System32\shlwapi.dll
0x00007ff945dd0000 - 0x00007ff945ddf000 	C:\Windows\System32\kernel.appcore.dll
0x00007ff946510000 - 0x00007ff9465b9000 	C:\Windows\System32\shcore.dll
0x00007ff945da0000 - 0x00007ff945db4000 	C:\Windows\System32\profapi.dll
0x0000000059120000 - 0x000000005913a000 	C:\Program Files\Java\jdk1.8.0_102\jre\bin\net.dll
0x00007ff945670000 - 0x00007ff9456cc000 	C:\Windows\system32\mswsock.dll
0x0000000059100000 - 0x0000000059111000 	C:\Program Files\Java\jdk1.8.0_102\jre\bin\nio.dll
0x00007ff93b540000 - 0x00007ff93b552000 	C:\Users\waylon\.gradle\native\19\windows-amd64\native-platform.dll
0x0000000180000000 - 0x0000000180037000 	C:\Users\waylon\.gradle\native\jna\win32-amd64\jnidispatch.dll
0x00007ff945820000 - 0x00007ff945837000 	C:\Windows\SYSTEM32\CRYPTSP.dll
0x00007ff945280000 - 0x00007ff9452b3000 	C:\Windows\system32\rsaenh.dll
0x00007ff945cf0000 - 0x00007ff945d1b000 	C:\Windows\SYSTEM32\bcrypt.dll
0x00007ff9454f0000 - 0x00007ff94550f000 	C:\Windows\SYSTEM32\USERENV.dll
0x00007ff945810000 - 0x00007ff94581b000 	C:\Windows\SYSTEM32\CRYPTBASE.dll
0x00007ff945400000 - 0x00007ff945438000 	C:\Windows\SYSTEM32\IPHLPAPI.DLL
0x00007ff9493a0000 - 0x00007ff9493a8000 	C:\Windows\System32\NSI.dll
0x00007ff93f900000 - 0x00007ff93f916000 	C:\Windows\SYSTEM32\dhcpcsvc6.DLL
0x00007ff93f8e0000 - 0x00007ff93f8fa000 	C:\Windows\SYSTEM32\dhcpcsvc.DLL
0x00000000590f0000 - 0x00000000590fd000 	C:\Program Files\Java\jdk1.8.0_102\jre\bin\management.dll

VM Arguments:
jvm_args: -Dorg.gradle.appname=gradlew 
java_command: org.gradle.wrapper.GradleWrapperMain --stacktrace connectedUitestDebugAndroidTest
java_class_path (initial): C:\Users\waylon\aALLStudioProjects\tables\\gradle\wrapper\gradle-wrapper.jar
Launcher Type: SUN_STANDARD

Environment Variables:
JAVA_HOME=C:\Program Files\Java\jdk1.8.0_102
CLASSPATH=C:\Users\waylon\aALLStudioProjects\tables\\gradle\wrapper\gradle-wrapper.jar
PATH=C:\Program Files\Docker\Docker\Resources\bin;C:\Program Files\Microsoft MPI\Bin\;C:\Perl64\site\bin;C:\Perl64\bin;C:\ProgramData\Oracle\Java\javapath;C:\Windows\system32;C:\Windows;C:\Windows\System32\Wbem;C:\Windows\System32\WindowsPowerShell\v1.0\;C:\Program Files (x86)\PuTTY\;C:\Program Files (x86)\Microsoft SQL Server\130\Tools\Binn\;C:\Program Files\Microsoft SQL Server\130\Tools\Binn\;C:\Program Files (x86)\Microsoft SQL Server\130\DTS\Binn\;C:\Program Files\Microsoft SQL Server\130\DTS\Binn\;C:\Program Files (x86)\Windows Kits\8.1\Windows Performance Toolkit\;C:\Program Files\Microsoft SQL Server\120\Tools\Binn\;C:\Program Files\Git\cmd;C:\Program Files\Microsoft\Web Platform Installer\;C:\Program Files\dotnet\;C:\Program Files (x86)\Microsoft SQL Server\110\DTS\Binn\;C:\Program Files (x86)\Microsoft SQL Server\120\DTS\Binn\;C:\Program Files (x86)\Skype\Phone\;C:\Program Files\nodejs\;C:\Program Files (x86)\Microsoft SQL Server\Client SDK\ODBC\130\Tools\Binn\;C:\Program Files (x86)\Microsoft SQL Server\130\Tools\Binn\ManagementStudio\;C:\Program Files (x86)\Microsoft SDKs\Azure\CLI\wbin;C:\Users\waylon\AppData\Local\Programs\Python\Python35-32\Scripts\;C:\Users\waylon\AppData\Local\Programs\Python\Python35-32\;C:\Users\waylon\AppData\Local\Microsoft\WindowsApps;C:\Users\waylon\AppData\Roaming\npm;C:\android-sdk\platform-tools
USERNAME=waylon
OS=Windows_NT
PROCESSOR_IDENTIFIER=Intel64 Family 6 Model 58 Stepping 9, GenuineIntel



---------------  S Y S T E M  ---------------

OS: Windows 10.0 , 64 bit Build 14393 (10.0.14393.0)

CPU:total 4 (2 cores per cpu, 2 threads per core) family 6 model 58 stepping 9, cmov, cx8, fxsr, mmx, sse, sse2, sse3, ssse3, sse4.1, sse4.2, popcnt, avx, aes, clmul, erms, ht, tsc, tscinvbit, tscinv

Memory: 4k page, physical 8268088k(974808k free), swap 8268088k(5432k free)

vm_info: Java HotSpot(TM) 64-Bit Server VM (25.102-b14) for windows-amd64 JRE (1.8.0_102-b14), built on Jun 22 2016 13:15:21 by "java_re" with MS VC++ 10.0 (VS2010)

time: Sun Jan 15 20:37:45 2017
elapsed time: 66 seconds (0d 0h 1m 6s)

